Watching for file changes with StatReloader
Request ID: 221bc5d2-ecd1-4194-8f2b-442ae4ef0a8f, Time Taken: 0.009598016738891602
Request ID: d4a69d28-722c-48c4-8b4c-ce9f889b1b93, Time Taken: 0.006734132766723633
Watching for file changes with StatReloader
Request ID: cf32631d-191a-40d2-9731-2dd2cc24dc28, Time Taken: 0.02711796760559082, Response Payload: 


  <h1 class="product-list-heading">PRODUCT LIST</h1>
  <div class="navigation">
    <a class="nav-item" href="/products/">Home</a>
    <a class="nav-item" href="/product/new/">New Product</a>
  </div>
  <div class="products-container">
    <h1 class="product-heading">Products</h1>
    <table class="product-table">
      <thead>
        <tr>
          <th>Product Name</th>
          <th>Price</th>
        </tr>
      </thead>
      <tbody>
        
          <tr class="product-item">
            <td class="product-name"><a class="product-link" href="/products/1/">FF</a></td>
            <td class="product-price">$25.00</td>
          </tr>
        
          <tr class="product-item">
            <td class="product-name"><a class="product-link" href="/products/2/">FF</a></td>
            <td class="product-price">$25.00</td>
          </tr>
        
          <tr class="product-item">
            <td class="product-name"><a class="product-link" href="/products/3/">FF</a></td>
            <td class="product-price">$25.00</td>
          </tr>
        
          <tr class="product-item">
            <td class="product-name"><a class="product-link" href="/products/4/">dsfsdf</a></td>
            <td class="product-price">$100.00</td>
          </tr>
        
          <tr class="product-item">
            <td class="product-name"><a class="product-link" href="/products/5/">sdsadas</a></td>
            <td class="product-price">$2311.00</td>
          </tr>
        
          <tr class="product-item">
            <td class="product-name"><a class="product-link" href="/products/6/">das</a></td>
            <td class="product-price">$33.00</td>
          </tr>
        
          <tr class="product-item">
            <td class="product-name"><a class="product-link" href="/products/7/">dsaas</a></td>
            <td class="product-price">$99.00</td>
          </tr>
        
          <tr class="product-item">
            <td class="product-name"><a class="product-link" href="/products/8/">das</a></td>
            <td class="product-price">$33.00</td>
          </tr>
        
          <tr class="product-item">
            <td class="product-name"><a class="product-link" href="/products/9/">das</a></td>
            <td class="product-price">$33.00</td>
          </tr>
        
          <tr class="product-item">
            <td class="product-name"><a class="product-link" href="/products/10/">das</a></td>
            <td class="product-price">$33.00</td>
          </tr>
        
      </tbody>
    </table>
  </div>

    
      <div class="pagination">
        <span class="step-links">
          

          <span class="current-page">
            Page 1 of 2.
          </span>

          
            <a href="?page=2">next</a>
            <a href="?page=2">last &raquo;</a>
          
        </span>
      </div>
    
  </div>



  <style>
    /* Sample CSS for product list page */

    body {
        display: flex;
        flex-direction: column;
        align-items: center;
        min-height: 100vh;
        margin: 0;
      }

    .product-list-heading {
        text-align: center;
      }
      
      .navigation {
        display: flex;
        justify-content: center;
        width: 100%;
        background-color: #f0f0f0;
        padding: 10px;
      }
      
      .nav-item {
        text-decoration: none;
        color: #333;
        margin-right: 20px; /* Adjust spacing between nav items */
      }
      
      .nav-item:last-child {
        margin-right: 0; /* Remove margin for the last nav item */
      }
      
      .nav-item:hover {
        color: #555;
      }

    .products-container {
      width: 80%;
      margin: 0 auto;
    }
    
    .product-heading {
      font-size: 24px;
      margin-bottom: 20px;
    }
    
    .product-list {
      list-style-type: none;
      padding: 0;
    }
    
    .product-item {
      border: 1px solid #ccc;
      padding: 10px;
      margin-bottom: 10px;
    }
    
    .product-item:hover {
      background-color: #f9f9f9;
    }

    /* Sample CSS for table-like layout */
.product-table {
  width: 100%;
  border-collapse: collapse;
  margin-top: 20px; /* Adjust spacing between the heading and the table */
}

.product-table th, .product-table td {
  border: 1px solid #ccc;
  padding: 10px;
}

.product-table th {
  background-color: #f0f0f0;
}

.product-table .product-link {
  text-decoration: none;
  color: #333;
}

.product-table .product-link:hover {
  color: #555;
}

    
    .product-info {
      display: flex;
      flex-direction: column;
    }
    
    .product-name {
      font-size: 18px;
    }
    
    .product-price {
      font-size: 16px;
      color: #27ae60;
    }
    
    .pagination {
      margin-top: 20px;
    }
    
    .step-links a {
      margin-right: 10px;
    }
    
    .new-product-link {
      display: block;
      margin-top: 20px;
      font-size: 18px;
      text-align: center;
      text-decoration: none;
      color: #3498db;
    }
    
    .new-product-link:hover {
      color: #2980b9;
    }

    .product-details {
        display: flex;
        justify-content: space-between;
      }
  
      .product-name,
      .product-price {
        flex: 1;
      }
    
  </style>


/Users/rajmetgiri/Documents/Developer/crud_app/crud_app/middleware/request_logging_middleware.py changed, reloading.
Watching for file changes with StatReloader
/Users/rajmetgiri/Documents/Developer/crud_app/crud_app/middleware/request_logging_middleware.py changed, reloading.
Watching for file changes with StatReloader
Request ID: 60a12d77-366c-40fe-a39c-3b80f012e33a, Time Taken: 0.014369010925292969, Response Payload: {'content': '\n\n\n  <h1 class="product-list-heading">PRODUCT LIST</h1>\n  <div class="navigation">\n    <a class="nav-item" href="/products/">Home</a>\n    <a class="nav-item" href="/product/new/">New Product</a>\n  </div>\n  <div class="products-container">\n    <h1 class="product-heading">Products</h1>\n    <table class="product-table">\n      <thead>\n        <tr>\n          <th>Product Name</th>\n          <th>Price</th>\n        </tr>\n      </thead>\n      <tbody>\n        \n          <tr class="product-item">\n            <td class="product-name"><a class="product-link" href="/products/1/">FF</a></td>\n            <td class="product-price">$25.00</td>\n          </tr>\n        \n          <tr class="product-item">\n            <td class="product-name"><a class="product-link" href="/products/2/">FF</a></td>\n            <td class="product-price">$25.00</td>\n          </tr>\n        \n          <tr class="product-item">\n            <td class="product-name"><a class="product-link" href="/products/3/">FF</a></td>\n            <td class="product-price">$25.00</td>\n          </tr>\n        \n          <tr class="product-item">\n            <td class="product-name"><a class="product-link" href="/products/4/">dsfsdf</a></td>\n            <td class="product-price">$100.00</td>\n          </tr>\n        \n          <tr class="product-item">\n            <td class="product-name"><a class="product-link" href="/products/5/">sdsadas</a></td>\n            <td class="product-price">$2311.00</td>\n          </tr>\n        \n          <tr class="product-item">\n            <td class="product-name"><a class="product-link" href="/products/6/">das</a></td>\n            <td class="product-price">$33.00</td>\n          </tr>\n        \n          <tr class="product-item">\n            <td class="product-name"><a class="product-link" href="/products/7/">dsaas</a></td>\n            <td class="product-price">$99.00</td>\n          </tr>\n        \n          <tr class="product-item">\n            <td class="product-name"><a class="product-link" href="/products/8/">das</a></td>\n            <td class="product-price">$33.00</td>\n          </tr>\n        \n          <tr class="product-item">\n            <td class="product-name"><a class="product-link" href="/products/9/">das</a></td>\n            <td class="product-price">$33.00</td>\n          </tr>\n        \n          <tr class="product-item">\n            <td class="product-name"><a class="product-link" href="/products/10/">das</a></td>\n            <td class="product-price">$33.00</td>\n          </tr>\n        \n      </tbody>\n    </table>\n  </div>\n\n    \n      <div class="pagination">\n        <span class="step-links">\n          \n\n          <span class="current-page">\n            Page 1 of 2.\n          </span>\n\n          \n            <a href="?page=2">next</a>\n            <a href="?page=2">last &raquo;</a>\n          \n        </span>\n      </div>\n    \n  </div>\n\n\n\n  <style>\n    /* Sample CSS for product list page */\n\n    body {\n        display: flex;\n        flex-direction: column;\n        align-items: center;\n        min-height: 100vh;\n        margin: 0;\n      }\n\n    .product-list-heading {\n        text-align: center;\n      }\n      \n      .navigation {\n        display: flex;\n        justify-content: center;\n        width: 100%;\n        background-color: #f0f0f0;\n        padding: 10px;\n      }\n      \n      .nav-item {\n        text-decoration: none;\n        color: #333;\n        margin-right: 20px; /* Adjust spacing between nav items */\n      }\n      \n      .nav-item:last-child {\n        margin-right: 0; /* Remove margin for the last nav item */\n      }\n      \n      .nav-item:hover {\n        color: #555;\n      }\n\n    .products-container {\n      width: 80%;\n      margin: 0 auto;\n    }\n    \n    .product-heading {\n      font-size: 24px;\n      margin-bottom: 20px;\n    }\n    \n    .product-list {\n      list-style-type: none;\n      padding: 0;\n    }\n    \n    .product-item {\n      border: 1px solid #ccc;\n      padding: 10px;\n      margin-bottom: 10px;\n    }\n    \n    .product-item:hover {\n      background-color: #f9f9f9;\n    }\n\n    /* Sample CSS for table-like layout */\n.product-table {\n  width: 100%;\n  border-collapse: collapse;\n  margin-top: 20px; /* Adjust spacing between the heading and the table */\n}\n\n.product-table th, .product-table td {\n  border: 1px solid #ccc;\n  padding: 10px;\n}\n\n.product-table th {\n  background-color: #f0f0f0;\n}\n\n.product-table .product-link {\n  text-decoration: none;\n  color: #333;\n}\n\n.product-table .product-link:hover {\n  color: #555;\n}\n\n    \n    .product-info {\n      display: flex;\n      flex-direction: column;\n    }\n    \n    .product-name {\n      font-size: 18px;\n    }\n    \n    .product-price {\n      font-size: 16px;\n      color: #27ae60;\n    }\n    \n    .pagination {\n      margin-top: 20px;\n    }\n    \n    .step-links a {\n      margin-right: 10px;\n    }\n    \n    .new-product-link {\n      display: block;\n      margin-top: 20px;\n      font-size: 18px;\n      text-align: center;\n      text-decoration: none;\n      color: #3498db;\n    }\n    \n    .new-product-link:hover {\n      color: #2980b9;\n    }\n\n    .product-details {\n        display: flex;\n        justify-content: space-between;\n      }\n  \n      .product-name,\n      .product-price {\n        flex: 1;\n      }\n    \n  </style>\n\n'}
/Users/rajmetgiri/Documents/Developer/crud_app/crud_app/middleware/request_logging_middleware.py changed, reloading.
Watching for file changes with StatReloader
Watching for file changes with StatReloader
Watching for file changes with StatReloader
Request ID: 45143146-83ec-41f4-bbb1-d74b94927057, Time Taken: 0.017075061798095703, Response Payload: [{'Product Name': 'FF', 'Price': '$25.00'}, {'Product Name': 'FF', 'Price': '$25.00'}, {'Product Name': 'FF', 'Price': '$25.00'}, {'Product Name': 'dsfsdf', 'Price': '$100.00'}, {'Product Name': 'sdsadas', 'Price': '$2311.00'}, {'Product Name': 'das', 'Price': '$33.00'}, {'Product Name': 'dsaas', 'Price': '$99.00'}, {'Product Name': 'das', 'Price': '$33.00'}, {'Product Name': 'das', 'Price': '$33.00'}, {'Product Name': 'das', 'Price': '$33.00'}]
Request ID: 961d4216-23ad-4f64-8b1e-9af47beadd40, Time Taken: 0.021497011184692383, Response Payload: [{'Product Name': 'FF', 'Price': '$25.00'}, {'Product Name': 'FF', 'Price': '$25.00'}, {'Product Name': 'FF', 'Price': '$25.00'}, {'Product Name': 'dsfsdf', 'Price': '$100.00'}, {'Product Name': 'sdsadas', 'Price': '$2311.00'}, {'Product Name': 'das', 'Price': '$33.00'}, {'Product Name': 'dsaas', 'Price': '$99.00'}, {'Product Name': 'das', 'Price': '$33.00'}, {'Product Name': 'das', 'Price': '$33.00'}, {'Product Name': 'das', 'Price': '$33.00'}]
Request ID: 118d2b38-7f7c-48e5-8d28-2c688cba52f4, Time Taken: 0.005897998809814453, Response Payload: [{'Product Name': 'das', 'Price': '$33.00'}, {'Product Name': '212', 'Price': '$55.00'}, {'Product Name': '212', 'Price': '$55.00'}]
/Users/rajmetgiri/Documents/Developer/crud_app/crud_app/settings.py changed, reloading.
Watching for file changes with StatReloader
Request ID: cb252745-d25f-4be2-b7d8-14fe197e9154, Time Taken: 0.026762962341308594, Response Payload: [{'Product Name': 'FF', 'Price': '$25.00'}, {'Product Name': 'FF', 'Price': '$25.00'}, {'Product Name': 'FF', 'Price': '$25.00'}, {'Product Name': 'dsfsdf', 'Price': '$100.00'}, {'Product Name': 'sdsadas', 'Price': '$2311.00'}, {'Product Name': 'das', 'Price': '$33.00'}, {'Product Name': 'dsaas', 'Price': '$99.00'}, {'Product Name': 'das', 'Price': '$33.00'}, {'Product Name': 'das', 'Price': '$33.00'}, {'Product Name': 'das', 'Price': '$33.00'}]
Watching for file changes with StatReloader
Request ID: deda89c1-75ff-4fc1-bac3-f1d8a1fb97cb, Time Taken: 0.025311946868896484, Response Payload: [{'Product Name': 'FF', 'Price': '$25.00'}, {'Product Name': 'FF', 'Price': '$25.00'}, {'Product Name': 'FF', 'Price': '$25.00'}, {'Product Name': 'dsfsdf', 'Price': '$100.00'}, {'Product Name': 'sdsadas', 'Price': '$2311.00'}, {'Product Name': 'das', 'Price': '$33.00'}, {'Product Name': 'dsaas', 'Price': '$99.00'}, {'Product Name': 'das', 'Price': '$33.00'}, {'Product Name': 'das', 'Price': '$33.00'}, {'Product Name': 'das', 'Price': '$33.00'}]
/Users/rajmetgiri/Documents/Developer/crud_app/crud_app/settings.py changed, reloading.
INFO 2024-03-27 18:56:20,325 Watching for file changes with StatReloader
INFO 2024-03-27 18:56:41,044 /Users/rajmetgiri/Documents/Developer/crud_app/crud_app/settings.py changed, reloading.
INFO 2024-03-27 18:56:41,333 Watching for file changes with StatReloader
INFO 2024-03-27 18:56:58,769 Request ID: ea559a2c-8403-4a82-bb6e-5c1610c8eac4, Time Taken: 0.02365732192993164, Response Payload: [{'Product Name': 'das', 'Price': '$33.00'}, {'Product Name': '212', 'Price': '$55.00'}, {'Product Name': '212', 'Price': '$55.00'}]
